{"/Users/artem_zemskov/Brain-Games/src/index.js": {"path":"/Users/artem_zemskov/Brain-Games/src/index.js","statementMap":{"0":{"start":{"line":3,"column":19},"end":{"line":3,"column":20}},"1":{"start":{"line":5,"column":21},"end":{"line":22,"column":1}},"2":{"start":{"line":6,"column":2},"end":{"line":6,"column":45}},"3":{"start":{"line":7,"column":19},"end":{"line":7,"column":66}},"4":{"start":{"line":8,"column":2},"end":{"line":8,"column":37}},"5":{"start":{"line":9,"column":2},"end":{"line":9,"column":31}},"6":{"start":{"line":10,"column":2},"end":{"line":20,"column":3}},"7":{"start":{"line":10,"column":15},"end":{"line":10,"column":16}},"8":{"start":{"line":11,"column":31},"end":{"line":11,"column":53}},"9":{"start":{"line":12,"column":4},"end":{"line":12,"column":41}},"10":{"start":{"line":13,"column":23},"end":{"line":13,"column":61}},"11":{"start":{"line":14,"column":4},"end":{"line":19,"column":5}},"12":{"start":{"line":15,"column":6},"end":{"line":15,"column":30}},"13":{"start":{"line":17,"column":6},"end":{"line":17,"column":120}},"14":{"start":{"line":18,"column":6},"end":{"line":18,"column":13}},"15":{"start":{"line":21,"column":2},"end":{"line":21,"column":47}}},"fnMap":{"0":{"name":"(anonymous_0)","decl":{"start":{"line":5,"column":21},"end":{"line":5,"column":22}},"loc":{"start":{"line":5,"column":64},"end":{"line":22,"column":1}},"line":5}},"branchMap":{"0":{"loc":{"start":{"line":14,"column":4},"end":{"line":19,"column":5}},"type":"if","locations":[{"start":{"line":14,"column":4},"end":{"line":19,"column":5}},{"start":{"line":16,"column":11},"end":{"line":19,"column":5}}],"line":14}},"s":{"0":3,"1":3,"2":0,"3":0,"4":0,"5":0,"6":0,"7":0,"8":0,"9":0,"10":0,"11":0,"12":0,"13":0,"14":0,"15":0},"f":{"0":0},"b":{"0":[0,0]},"_coverageSchema":"1a1c01bbd47fc00a2c39e90264f33305004495a9","hash":"c3874bf548cf5e23eb826852efd010369cc478f8"}
,"/Users/artem_zemskov/Brain-Games/src/randomizer.js": {"path":"/Users/artem_zemskov/Brain-Games/src/randomizer.js","statementMap":{"0":{"start":{"line":1,"column":25},"end":{"line":1,"column":88}},"1":{"start":{"line":1,"column":39},"end":{"line":1,"column":88}},"2":{"start":{"line":3,"column":22},"end":{"line":14,"column":1}},"3":{"start":{"line":4,"column":2},"end":{"line":13,"column":3}},"4":{"start":{"line":6,"column":6},"end":{"line":6,"column":17}},"5":{"start":{"line":8,"column":6},"end":{"line":8,"column":17}},"6":{"start":{"line":10,"column":6},"end":{"line":10,"column":17}},"7":{"start":{"line":12,"column":6},"end":{"line":12,"column":18}}},"fnMap":{"0":{"name":"(anonymous_0)","decl":{"start":{"line":1,"column":25},"end":{"line":1,"column":26}},"loc":{"start":{"line":1,"column":39},"end":{"line":1,"column":88}},"line":1},"1":{"name":"(anonymous_1)","decl":{"start":{"line":3,"column":22},"end":{"line":3,"column":23}},"loc":{"start":{"line":3,"column":34},"end":{"line":14,"column":1}},"line":3}},"branchMap":{"0":{"loc":{"start":{"line":4,"column":2},"end":{"line":13,"column":3}},"type":"switch","locations":[{"start":{"line":5,"column":4},"end":{"line":6,"column":17}},{"start":{"line":7,"column":4},"end":{"line":8,"column":17}},{"start":{"line":9,"column":4},"end":{"line":10,"column":17}},{"start":{"line":11,"column":4},"end":{"line":12,"column":18}}],"line":4}},"s":{"0":3,"1":7,"2":3,"3":1,"4":0,"5":0,"6":1,"7":0},"f":{"0":7,"1":1},"b":{"0":[0,0,1,0]},"_coverageSchema":"1a1c01bbd47fc00a2c39e90264f33305004495a9","hash":"31d6d7b9ebff5de57cdafc0600eabd2725b9ba77"}
,"/Users/artem_zemskov/Brain-Games/src/games/calc.js": {"path":"/Users/artem_zemskov/Brain-Games/src/games/calc.js","statementMap":{"0":{"start":{"line":4,"column":24},"end":{"line":4,"column":63}},"1":{"start":{"line":5,"column":18},"end":{"line":5,"column":19}},"2":{"start":{"line":6,"column":18},"end":{"line":6,"column":20}},"3":{"start":{"line":8,"column":23},"end":{"line":19,"column":1}},"4":{"start":{"line":9,"column":2},"end":{"line":18,"column":3}},"5":{"start":{"line":11,"column":6},"end":{"line":11,"column":25}},"6":{"start":{"line":13,"column":6},"end":{"line":13,"column":25}},"7":{"start":{"line":15,"column":6},"end":{"line":15,"column":25}},"8":{"start":{"line":17,"column":6},"end":{"line":17,"column":18}},"9":{"start":{"line":21,"column":36},"end":{"line":29,"column":1}},"10":{"start":{"line":22,"column":19},"end":{"line":22,"column":57}},"11":{"start":{"line":23,"column":20},"end":{"line":23,"column":58}},"12":{"start":{"line":24,"column":17},"end":{"line":24,"column":39}},"13":{"start":{"line":25,"column":15},"end":{"line":25,"column":36}},"14":{"start":{"line":26,"column":19},"end":{"line":26,"column":53}},"15":{"start":{"line":27,"column":17},"end":{"line":27,"column":56}},"16":{"start":{"line":28,"column":2},"end":{"line":28,"column":28}},"17":{"start":{"line":31,"column":22},"end":{"line":31,"column":79}},"18":{"start":{"line":31,"column":28},"end":{"line":31,"column":79}}},"fnMap":{"0":{"name":"(anonymous_0)","decl":{"start":{"line":8,"column":23},"end":{"line":8,"column":24}},"loc":{"start":{"line":8,"column":45},"end":{"line":19,"column":1}},"line":8},"1":{"name":"(anonymous_1)","decl":{"start":{"line":21,"column":36},"end":{"line":21,"column":37}},"loc":{"start":{"line":21,"column":42},"end":{"line":29,"column":1}},"line":21},"2":{"name":"(anonymous_2)","decl":{"start":{"line":31,"column":22},"end":{"line":31,"column":23}},"loc":{"start":{"line":31,"column":28},"end":{"line":31,"column":79}},"line":31}},"branchMap":{"0":{"loc":{"start":{"line":9,"column":2},"end":{"line":18,"column":3}},"type":"switch","locations":[{"start":{"line":10,"column":4},"end":{"line":11,"column":25}},{"start":{"line":12,"column":4},"end":{"line":13,"column":25}},{"start":{"line":14,"column":4},"end":{"line":15,"column":25}},{"start":{"line":16,"column":4},"end":{"line":17,"column":18}}],"line":9}},"s":{"0":1,"1":1,"2":1,"3":1,"4":4,"5":1,"6":1,"7":2,"8":0,"9":1,"10":1,"11":1,"12":1,"13":1,"14":1,"15":1,"16":1,"17":1,"18":0},"f":{"0":4,"1":1,"2":0},"b":{"0":[1,1,2,0]},"_coverageSchema":"1a1c01bbd47fc00a2c39e90264f33305004495a9","hash":"796122abe3bfcd9818ed5bf7fb13b89e5be7fc3e"}
,"/Users/artem_zemskov/Brain-Games/src/games/even.js": {"path":"/Users/artem_zemskov/Brain-Games/src/games/even.js","statementMap":{"0":{"start":{"line":4,"column":18},"end":{"line":4,"column":19}},"1":{"start":{"line":5,"column":18},"end":{"line":5,"column":21}},"2":{"start":{"line":6,"column":24},"end":{"line":6,"column":84}},"3":{"start":{"line":8,"column":22},"end":{"line":8,"column":62}},"4":{"start":{"line":8,"column":40},"end":{"line":8,"column":62}},"5":{"start":{"line":10,"column":36},"end":{"line":14,"column":1}},"6":{"start":{"line":11,"column":19},"end":{"line":11,"column":57}},"7":{"start":{"line":12,"column":17},"end":{"line":12,"column":48}},"8":{"start":{"line":13,"column":2},"end":{"line":13,"column":28}},"9":{"start":{"line":16,"column":22},"end":{"line":16,"column":79}},"10":{"start":{"line":16,"column":28},"end":{"line":16,"column":79}}},"fnMap":{"0":{"name":"(anonymous_0)","decl":{"start":{"line":8,"column":22},"end":{"line":8,"column":23}},"loc":{"start":{"line":8,"column":40},"end":{"line":8,"column":62}},"line":8},"1":{"name":"(anonymous_1)","decl":{"start":{"line":10,"column":36},"end":{"line":10,"column":37}},"loc":{"start":{"line":10,"column":42},"end":{"line":14,"column":1}},"line":10},"2":{"name":"(anonymous_2)","decl":{"start":{"line":16,"column":22},"end":{"line":16,"column":23}},"loc":{"start":{"line":16,"column":28},"end":{"line":16,"column":79}},"line":16}},"branchMap":{"0":{"loc":{"start":{"line":12,"column":17},"end":{"line":12,"column":48}},"type":"cond-expr","locations":[{"start":{"line":12,"column":36},"end":{"line":12,"column":41}},{"start":{"line":12,"column":44},"end":{"line":12,"column":48}}],"line":12}},"s":{"0":1,"1":1,"2":1,"3":1,"4":5,"5":1,"6":2,"7":2,"8":2,"9":1,"10":0},"f":{"0":5,"1":2,"2":0},"b":{"0":[1,1]},"_coverageSchema":"1a1c01bbd47fc00a2c39e90264f33305004495a9","hash":"efb2780fc1eccea3a67654b94c57da15d33150bd"}
,"/Users/artem_zemskov/Brain-Games/src/games/gcd.js": {"path":"/Users/artem_zemskov/Brain-Games/src/games/gcd.js","statementMap":{"0":{"start":{"line":4,"column":24},"end":{"line":4,"column":76}},"1":{"start":{"line":5,"column":18},"end":{"line":5,"column":19}},"2":{"start":{"line":6,"column":18},"end":{"line":6,"column":21}},"3":{"start":{"line":8,"column":22},"end":{"line":19,"column":1}},"4":{"start":{"line":9,"column":14},"end":{"line":9,"column":34}},"5":{"start":{"line":10,"column":14},"end":{"line":10,"column":34}},"6":{"start":{"line":11,"column":16},"end":{"line":11,"column":17}},"7":{"start":{"line":12,"column":2},"end":{"line":17,"column":3}},"8":{"start":{"line":12,"column":15},"end":{"line":12,"column":18}},"9":{"start":{"line":13,"column":4},"end":{"line":13,"column":16}},"10":{"start":{"line":14,"column":4},"end":{"line":16,"column":5}},"11":{"start":{"line":15,"column":6},"end":{"line":15,"column":21}},"12":{"start":{"line":18,"column":2},"end":{"line":18,"column":17}},"13":{"start":{"line":21,"column":36},"end":{"line":27,"column":1}},"14":{"start":{"line":22,"column":19},"end":{"line":22,"column":57}},"15":{"start":{"line":23,"column":20},"end":{"line":23,"column":58}},"16":{"start":{"line":24,"column":19},"end":{"line":24,"column":45}},"17":{"start":{"line":25,"column":17},"end":{"line":25,"column":49}},"18":{"start":{"line":26,"column":2},"end":{"line":26,"column":28}},"19":{"start":{"line":29,"column":21},"end":{"line":29,"column":78}},"20":{"start":{"line":29,"column":27},"end":{"line":29,"column":78}}},"fnMap":{"0":{"name":"(anonymous_0)","decl":{"start":{"line":8,"column":22},"end":{"line":8,"column":23}},"loc":{"start":{"line":8,"column":38},"end":{"line":19,"column":1}},"line":8},"1":{"name":"(anonymous_1)","decl":{"start":{"line":21,"column":36},"end":{"line":21,"column":37}},"loc":{"start":{"line":21,"column":42},"end":{"line":27,"column":1}},"line":21},"2":{"name":"(anonymous_2)","decl":{"start":{"line":29,"column":21},"end":{"line":29,"column":22}},"loc":{"start":{"line":29,"column":27},"end":{"line":29,"column":78}},"line":29}},"branchMap":{"0":{"loc":{"start":{"line":14,"column":4},"end":{"line":16,"column":5}},"type":"if","locations":[{"start":{"line":14,"column":4},"end":{"line":16,"column":5}},{"start":{},"end":{}}],"line":14},"1":{"loc":{"start":{"line":14,"column":8},"end":{"line":14,"column":50}},"type":"binary-expr","locations":[{"start":{"line":14,"column":8},"end":{"line":14,"column":27}},{"start":{"line":14,"column":31},"end":{"line":14,"column":50}}],"line":14}},"s":{"0":1,"1":1,"2":1,"3":1,"4":4,"5":4,"6":4,"7":4,"8":4,"9":72,"10":72,"11":4,"12":0,"13":1,"14":1,"15":1,"16":1,"17":1,"18":1,"19":1,"20":0},"f":{"0":4,"1":1,"2":0},"b":{"0":[4,68],"1":[72,15]},"_coverageSchema":"1a1c01bbd47fc00a2c39e90264f33305004495a9","hash":"04e982c3fe1bb07d15327397f2dcd8a047c0fe12"}
}
