TN:
SF:src/index.js
FN:5,(anonymous_0)
FNF:1
FNH:0
FNDA:0,(anonymous_0)
DA:3,5
DA:5,5
DA:6,0
DA:7,0
DA:8,0
DA:9,0
DA:10,0
DA:11,0
DA:12,0
DA:13,0
DA:14,0
DA:15,0
DA:17,0
DA:18,0
DA:21,0
LF:15
LH:2
BRDA:14,0,0,0
BRDA:14,0,1,0
BRF:2
BRH:0
end_of_record
TN:
SF:src/randomizer.js
FN:1,(anonymous_0)
FN:3,(anonymous_1)
FNF:2
FNH:2
FNDA:11,(anonymous_0)
FNDA:5,(anonymous_1)
DA:1,11
DA:3,6
DA:4,5
DA:6,1
DA:8,1
DA:10,2
DA:12,1
LF:7
LH:7
BRDA:4,0,0,1
BRDA:4,0,1,1
BRDA:4,0,2,2
BRDA:4,0,3,1
BRF:4
BRH:4
end_of_record
TN:
SF:src/games/calc.js
FN:8,(anonymous_0)
FN:21,(anonymous_1)
FN:31,(anonymous_2)
FNF:3
FNH:2
FNDA:5,(anonymous_0)
FNDA:1,(anonymous_1)
FNDA:0,(anonymous_2)
DA:4,1
DA:5,1
DA:6,1
DA:8,1
DA:9,5
DA:11,1
DA:13,1
DA:15,2
DA:17,1
DA:21,1
DA:22,1
DA:23,1
DA:24,1
DA:25,1
DA:26,1
DA:27,1
DA:28,1
DA:31,1
LF:18
LH:18
BRDA:9,0,0,1
BRDA:9,0,1,1
BRDA:9,0,2,2
BRDA:9,0,3,1
BRF:4
BRH:4
end_of_record
TN:
SF:src/games/even.js
FN:8,(anonymous_0)
FN:10,(anonymous_1)
FN:16,(anonymous_2)
FNF:3
FNH:2
FNDA:10,(anonymous_0)
FNDA:2,(anonymous_1)
FNDA:0,(anonymous_2)
DA:4,2
DA:5,2
DA:6,2
DA:8,10
DA:10,2
DA:11,2
DA:12,2
DA:13,2
DA:16,2
LF:9
LH:9
BRDA:12,0,0,1
BRDA:12,0,1,1
BRF:2
BRH:2
end_of_record
TN:
SF:src/games/gcd.js
FN:8,(anonymous_0)
FN:21,(anonymous_1)
FN:29,(anonymous_2)
FNF:3
FNH:2
FNDA:4,(anonymous_0)
FNDA:1,(anonymous_1)
FNDA:0,(anonymous_2)
DA:4,1
DA:5,1
DA:6,1
DA:8,1
DA:9,4
DA:10,4
DA:11,4
DA:12,4
DA:13,74
DA:14,74
DA:15,4
DA:18,0
DA:21,1
DA:22,1
DA:23,1
DA:24,1
DA:25,1
DA:26,1
DA:29,1
LF:19
LH:18
BRDA:14,0,0,4
BRDA:14,0,1,70
BRDA:14,1,0,74
BRDA:14,1,1,14
BRF:4
BRH:4
end_of_record
TN:
SF:src/games/prime.js
FN:7,(anonymous_0)
FN:14,(anonymous_1)
FN:21,(anonymous_2)
FNF:3
FNH:2
FNDA:6,(anonymous_0)
FNDA:2,(anonymous_1)
FNDA:0,(anonymous_2)
DA:5,1
DA:7,1
DA:8,6
DA:9,5
DA:10,3
DA:11,2
DA:14,1
DA:15,2
DA:16,2
DA:17,2
DA:18,2
DA:21,1
LF:12
LH:12
BRDA:8,0,0,1
BRDA:8,0,1,5
BRDA:9,1,0,2
BRDA:9,1,1,3
BRDA:9,2,0,5
BRDA:9,2,1,2
BRDA:10,3,0,1
BRDA:10,3,1,2
BRDA:10,4,0,3
BRDA:10,4,1,2
BRDA:17,5,0,0
BRDA:17,5,1,2
BRF:12
BRH:11
end_of_record
TN:
SF:src/games/progression.js
FN:6,(anonymous_0)
FN:16,(anonymous_1)
FN:27,(anonymous_2)
FNF:3
FNH:2
FNDA:3,(anonymous_0)
FNDA:1,(anonymous_1)
FNDA:0,(anonymous_2)
DA:4,1
DA:6,1
DA:7,3
DA:8,3
DA:9,3
DA:10,3
DA:11,30
DA:13,3
DA:16,1
DA:17,1
DA:18,1
DA:19,1
DA:20,1
DA:21,1
DA:22,1
DA:23,1
DA:24,1
DA:27,1
LF:18
LH:18
BRF:0
BRH:0
end_of_record
